<?xml version="1.0" encoding="UTF-8"?>
<coverage generated="1497289091133" clover="3.2.0">
  <project timestamp="1497289091133" name="All files">
    <metrics statements="91" coveredstatements="34" conditionals="15" coveredconditionals="3" methods="31" coveredmethods="10" elements="137" coveredelements="47" complexity="0" loc="91" ncloc="91" packages="4" files="8" classes="8">
      <package name="actions">
        <metrics statements="21" coveredstatements="0" conditionals="4" coveredconditionals="0" methods="12" coveredmethods="0"/>
        <file name="HeadlineActions.js" path="/Users/andeladeveloper/Desktop/Andela_Fellow/Headlines_CP1/Headlines/public/actions/HeadlineActions.js">
          <metrics statements="21" coveredstatements="0" conditionals="4" coveredconditionals="0" methods="12" coveredmethods="0"/>
          <line num="10" count="0" type="stmt"/>
          <line num="11" count="0" type="stmt"/>
          <line num="12" count="0" type="stmt"/>
          <line num="14" count="0" type="stmt"/>
          <line num="30" count="0" type="stmt"/>
          <line num="31" count="0" type="stmt"/>
          <line num="32" count="0" type="cond" truecount="0" falsecount="2"/>
          <line num="33" count="0" type="stmt"/>
          <line num="35" count="0" type="stmt"/>
          <line num="37" count="0" type="stmt"/>
          <line num="53" count="0" type="stmt"/>
          <line num="54" count="0" type="stmt"/>
          <line num="55" count="0" type="cond" truecount="0" falsecount="2"/>
          <line num="56" count="0" type="stmt"/>
          <line num="58" count="0" type="stmt"/>
          <line num="60" count="0" type="stmt"/>
          <line num="62" count="0" type="stmt"/>
          <line num="79" count="0" type="stmt"/>
          <line num="80" count="0" type="stmt"/>
          <line num="81" count="0" type="stmt"/>
          <line num="83" count="0" type="stmt"/>
        </file>
      </package>
      <package name="component">
        <metrics statements="23" coveredstatements="19" conditionals="6" coveredconditionals="3" methods="10" coveredmethods="8"/>
        <file name="CategoryComponent.js" path="/Users/andeladeveloper/Desktop/Andela_Fellow/Headlines_CP1/Headlines/public/component/CategoryComponent.js">
          <metrics statements="3" coveredstatements="1" conditionals="0" coveredconditionals="0" methods="2" coveredmethods="1"/>
          <line num="16" count="0" type="stmt"/>
          <line num="17" count="0" type="stmt"/>
          <line num="24" count="10" type="stmt"/>
        </file>
        <file name="Footer.js" path="/Users/andeladeveloper/Desktop/Andela_Fellow/Headlines_CP1/Headlines/public/component/Footer.js">
          <metrics statements="1" coveredstatements="1" conditionals="0" coveredconditionals="0" methods="1" coveredmethods="1"/>
          <line num="11" count="3" type="stmt"/>
        </file>
        <file name="Header.js" path="/Users/andeladeveloper/Desktop/Andela_Fellow/Headlines_CP1/Headlines/public/component/Header.js">
          <metrics statements="7" coveredstatements="7" conditionals="0" coveredconditionals="0" methods="3" coveredmethods="3"/>
          <line num="15" count="1" type="stmt"/>
          <line num="22" count="8" type="stmt"/>
          <line num="24" count="8" type="stmt"/>
          <line num="25" count="8" type="stmt"/>
          <line num="26" count="8" type="stmt"/>
          <line num="30" count="8" type="stmt"/>
          <line num="54" count="1" type="stmt"/>
        </file>
        <file name="HeadlineNavbar.js" path="/Users/andeladeveloper/Desktop/Andela_Fellow/Headlines_CP1/Headlines/public/component/HeadlineNavbar.js">
          <metrics statements="12" coveredstatements="10" conditionals="6" coveredconditionals="3" methods="4" coveredmethods="3"/>
          <line num="20" count="3" type="stmt"/>
          <line num="21" count="3" type="stmt"/>
          <line num="30" count="0" type="stmt"/>
          <line num="31" count="0" type="stmt"/>
          <line num="39" count="3" type="stmt"/>
          <line num="40" count="3" type="cond" truecount="1" falsecount="1"/>
          <line num="41" count="3" type="cond" truecount="1" falsecount="1"/>
          <line num="42" count="3" type="cond" truecount="1" falsecount="1"/>
          <line num="45" count="3" type="stmt"/>
          <line num="46" count="30" type="stmt"/>
          <line num="48" count="3" type="stmt"/>
          <line num="71" count="1" type="stmt"/>
        </file>
      </package>
      <package name="dispatcher">
        <metrics statements="0" coveredstatements="0" conditionals="0" coveredconditionals="0" methods="0" coveredmethods="0"/>
        <file name="HeadlineDispatcher.js" path="/Users/andeladeveloper/Desktop/Andela_Fellow/Headlines_CP1/Headlines/public/dispatcher/HeadlineDispatcher.js">
          <metrics statements="0" coveredstatements="0" conditionals="0" coveredconditionals="0" methods="0" coveredmethods="0"/>
        </file>
      </package>
      <package name="stores">
        <metrics statements="47" coveredstatements="15" conditionals="5" coveredconditionals="0" methods="9" coveredmethods="2"/>
        <file name="Article.js" path="/Users/andeladeveloper/Desktop/Andela_Fellow/Headlines_CP1/Headlines/public/stores/Article.js">
          <metrics statements="21" coveredstatements="7" conditionals="2" coveredconditionals="0" methods="4" coveredmethods="1"/>
          <line num="8" count="1" type="stmt"/>
          <line num="10" count="1" type="stmt"/>
          <line num="16" count="1" type="stmt"/>
          <line num="17" count="1" type="stmt"/>
          <line num="19" count="1" type="stmt"/>
          <line num="24" count="0" type="stmt"/>
          <line num="29" count="0" type="stmt"/>
          <line num="33" count="0" type="cond" truecount="0" falsecount="2"/>
          <line num="35" count="0" type="stmt"/>
          <line num="36" count="0" type="stmt"/>
          <line num="37" count="0" type="stmt"/>
          <line num="38" count="0" type="stmt"/>
          <line num="39" count="0" type="stmt"/>
          <line num="40" count="0" type="stmt"/>
          <line num="42" count="0" type="stmt"/>
          <line num="43" count="0" type="stmt"/>
          <line num="44" count="0" type="stmt"/>
          <line num="45" count="0" type="stmt"/>
          <line num="46" count="0" type="stmt"/>
          <line num="51" count="1" type="stmt"/>
          <line num="52" count="1" type="stmt"/>
        </file>
        <file name="Sources.js" path="/Users/andeladeveloper/Desktop/Andela_Fellow/Headlines_CP1/Headlines/public/stores/Sources.js">
          <metrics statements="26" coveredstatements="8" conditionals="3" coveredconditionals="0" methods="5" coveredmethods="1"/>
          <line num="7" count="1" type="stmt"/>
          <line num="9" count="1" type="stmt"/>
          <line num="14" count="1" type="stmt"/>
          <line num="15" count="1" type="stmt"/>
          <line num="16" count="1" type="stmt"/>
          <line num="29" count="1" type="stmt"/>
          <line num="37" count="0" type="stmt"/>
          <line num="40" count="0" type="stmt"/>
          <line num="43" count="0" type="stmt"/>
          <line num="46" count="0" type="cond" truecount="0" falsecount="3"/>
          <line num="48" count="0" type="stmt"/>
          <line num="49" count="0" type="stmt"/>
          <line num="50" count="0" type="stmt"/>
          <line num="51" count="0" type="stmt"/>
          <line num="53" count="0" type="stmt"/>
          <line num="54" count="0" type="stmt"/>
          <line num="55" count="0" type="stmt"/>
          <line num="56" count="0" type="stmt"/>
          <line num="57" count="0" type="stmt"/>
          <line num="59" count="0" type="stmt"/>
          <line num="60" count="0" type="stmt"/>
          <line num="61" count="0" type="stmt"/>
          <line num="62" count="0" type="stmt"/>
          <line num="63" count="0" type="stmt"/>
          <line num="68" count="1" type="stmt"/>
          <line num="69" count="1" type="stmt"/>
        </file>
      </package>
    </metrics>
  </project>
</coverage>
