<?xml version="1.0" encoding="UTF-8"?>
<coverage generated="1497570717429" clover="3.2.0">
  <project timestamp="1497570717429" name="All files">
    <metrics statements="168" coveredstatements="124" conditionals="25" coveredconditionals="9" methods="62" coveredmethods="39" elements="255" coveredelements="172" complexity="0" loc="168" ncloc="168" packages="6" files="15" classes="15">
      <package name="Pages">
        <metrics statements="51" coveredstatements="28" conditionals="10" coveredconditionals="2" methods="29" coveredmethods="11"/>
        <file name="Dashboard.jsx" path="/Users/andeladeveloper/Desktop/Andela_Fellow/Headlines_CP1/Headlines/public/Pages/Dashboard.jsx">
          <metrics statements="30" coveredstatements="19" conditionals="2" coveredconditionals="0" methods="12" coveredmethods="6"/>
          <line num="29" count="1" type="stmt"/>
          <line num="30" count="1" type="stmt"/>
          <line num="32" count="1" type="stmt"/>
          <line num="33" count="1" type="stmt"/>
          <line num="34" count="1" type="stmt"/>
          <line num="35" count="1" type="stmt"/>
          <line num="36" count="1" type="stmt"/>
          <line num="38" count="1" type="stmt"/>
          <line num="53" count="1" type="stmt"/>
          <line num="54" count="1" type="stmt"/>
          <line num="62" count="0" type="stmt"/>
          <line num="63" count="0" type="stmt"/>
          <line num="72" count="0" type="stmt"/>
          <line num="80" count="1" type="stmt"/>
          <line num="83" count="0" type="stmt"/>
          <line num="92" count="0" type="stmt"/>
          <line num="103" count="1" type="stmt"/>
          <line num="112" count="0" type="stmt"/>
          <line num="113" count="0" type="stmt"/>
          <line num="123" count="0" type="stmt"/>
          <line num="130" count="3" type="stmt"/>
          <line num="133" count="3" type="stmt"/>
          <line num="134" count="2" type="stmt"/>
          <line num="137" count="3" type="stmt"/>
          <line num="138" count="0" type="stmt"/>
          <line num="139" count="0" type="cond" truecount="0" falsecount="2"/>
          <line num="140" count="0" type="stmt"/>
          <line num="144" count="2" type="stmt"/>
          <line num="146" count="2" type="stmt"/>
          <line num="172" count="2" type="stmt"/>
        </file>
        <file name="Layout.jsx" path="/Users/andeladeveloper/Desktop/Andela_Fellow/Headlines_CP1/Headlines/public/Pages/Layout.jsx">
          <metrics statements="17" coveredstatements="5" conditionals="8" coveredconditionals="2" methods="14" coveredmethods="2"/>
          <line num="20" count="1" type="stmt"/>
          <line num="39" count="4" type="stmt"/>
          <line num="40" count="4" type="stmt"/>
          <line num="48" count="0" type="stmt"/>
          <line num="49" count="0" type="stmt"/>
          <line num="58" count="0" type="stmt"/>
          <line num="60" count="0" type="stmt"/>
          <line num="63" count="0" type="stmt"/>
          <line num="72" count="0" type="stmt"/>
          <line num="73" count="0" type="stmt"/>
          <line num="75" count="0" type="stmt"/>
          <line num="84" count="5" type="stmt"/>
          <line num="85" count="5" type="stmt"/>
          <line num="90" count="0" type="cond" truecount="0" falsecount="2"/>
          <line num="93" count="0" type="cond" truecount="0" falsecount="2"/>
          <line num="96" count="0" type="cond" truecount="0" falsecount="2"/>
          <line num="99" count="0" type="stmt"/>
        </file>
        <file name="Login.jsx" path="/Users/andeladeveloper/Desktop/Andela_Fellow/Headlines_CP1/Headlines/public/Pages/Login.jsx">
          <metrics statements="3" coveredstatements="3" conditionals="0" coveredconditionals="0" methods="2" coveredmethods="2"/>
          <line num="17" count="1" type="stmt"/>
          <line num="25" count="3" type="stmt"/>
          <line num="67" count="2" type="stmt"/>
        </file>
        <file name="Page404.jsx" path="/Users/andeladeveloper/Desktop/Andela_Fellow/Headlines_CP1/Headlines/public/Pages/Page404.jsx">
          <metrics statements="1" coveredstatements="1" conditionals="0" coveredconditionals="0" methods="1" coveredmethods="1"/>
          <line num="17" count="2" type="stmt"/>
        </file>
      </package>
      <package name="actions">
        <metrics statements="26" coveredstatements="19" conditionals="4" coveredconditionals="1" methods="8" coveredmethods="6"/>
        <file name="HeadlineActions.js" path="/Users/andeladeveloper/Desktop/Andela_Fellow/Headlines_CP1/Headlines/public/actions/HeadlineActions.js">
          <metrics statements="26" coveredstatements="19" conditionals="4" coveredconditionals="1" methods="8" coveredmethods="6"/>
          <line num="10" count="5" type="stmt"/>
          <line num="11" count="1" type="stmt"/>
          <line num="12" count="1" type="stmt"/>
          <line num="13" count="1" type="stmt"/>
          <line num="15" count="1" type="stmt"/>
          <line num="30" count="5" type="stmt"/>
          <line num="31" count="1" type="stmt"/>
          <line num="32" count="1" type="stmt"/>
          <line num="33" count="1" type="cond" truecount="1" falsecount="1"/>
          <line num="34" count="1" type="stmt"/>
          <line num="36" count="1" type="stmt"/>
          <line num="38" count="1" type="stmt"/>
          <line num="53" count="5" type="stmt"/>
          <line num="54" count="0" type="stmt"/>
          <line num="55" count="0" type="stmt"/>
          <line num="56" count="0" type="cond" truecount="0" falsecount="2"/>
          <line num="57" count="0" type="stmt"/>
          <line num="59" count="0" type="stmt"/>
          <line num="61" count="0" type="stmt"/>
          <line num="63" count="0" type="stmt"/>
          <line num="79" count="5" type="stmt"/>
          <line num="80" count="1" type="stmt"/>
          <line num="81" count="1" type="stmt"/>
          <line num="82" count="1" type="stmt"/>
          <line num="84" count="1" type="stmt"/>
          <line num="94" count="5" type="stmt"/>
        </file>
      </package>
      <package name="apiFolder">
        <metrics statements="2" coveredstatements="0" conditionals="0" coveredconditionals="0" methods="2" coveredmethods="0"/>
        <file name="NewsApi.js" path="/Users/andeladeveloper/Desktop/Andela_Fellow/Headlines_CP1/Headlines/public/apiFolder/NewsApi.js">
          <metrics statements="2" coveredstatements="0" conditionals="0" coveredconditionals="0" methods="2" coveredmethods="0"/>
          <line num="12" count="0" type="stmt"/>
          <line num="13" count="0" type="stmt"/>
        </file>
      </package>
      <package name="component">
        <metrics statements="42" coveredstatements="40" conditionals="6" coveredconditionals="3" methods="14" coveredmethods="13"/>
        <file name="ArticleComponent.js" path="/Users/andeladeveloper/Desktop/Andela_Fellow/Headlines_CP1/Headlines/public/component/ArticleComponent.js">
          <metrics statements="14" coveredstatements="14" conditionals="0" coveredconditionals="0" methods="2" coveredmethods="2"/>
          <line num="13" count="1" type="stmt"/>
          <line num="17" count="1" type="stmt"/>
          <line num="18" count="1" type="stmt"/>
          <line num="19" count="1" type="stmt"/>
          <line num="20" count="1" type="stmt"/>
          <line num="22" count="1" type="stmt"/>
          <line num="23" count="1" type="stmt"/>
          <line num="24" count="1" type="stmt"/>
          <line num="26" count="1" type="stmt"/>
          <line num="27" count="1" type="stmt"/>
          <line num="34" count="1" type="stmt"/>
          <line num="35" count="1" type="stmt"/>
          <line num="54" count="3" type="stmt"/>
          <line num="63" count="3" type="stmt"/>
        </file>
        <file name="CategoryComponent.js" path="/Users/andeladeveloper/Desktop/Andela_Fellow/Headlines_CP1/Headlines/public/component/CategoryComponent.js">
          <metrics statements="5" coveredstatements="5" conditionals="0" coveredconditionals="0" methods="2" coveredmethods="2"/>
          <line num="17" count="1" type="stmt"/>
          <line num="18" count="1" type="stmt"/>
          <line num="25" count="4" type="stmt"/>
          <line num="35" count="4" type="stmt"/>
          <line num="39" count="4" type="stmt"/>
        </file>
        <file name="Footer.js" path="/Users/andeladeveloper/Desktop/Andela_Fellow/Headlines_CP1/Headlines/public/component/Footer.js">
          <metrics statements="1" coveredstatements="1" conditionals="0" coveredconditionals="0" methods="1" coveredmethods="1"/>
          <line num="11" count="2" type="stmt"/>
        </file>
        <file name="Header.jsx" path="/Users/andeladeveloper/Desktop/Andela_Fellow/Headlines_CP1/Headlines/public/component/Header.jsx">
          <metrics statements="7" coveredstatements="7" conditionals="0" coveredconditionals="0" methods="3" coveredmethods="3"/>
          <line num="15" count="1" type="stmt"/>
          <line num="22" count="9" type="stmt"/>
          <line num="24" count="9" type="stmt"/>
          <line num="25" count="18" type="stmt"/>
          <line num="26" count="18" type="stmt"/>
          <line num="31" count="9" type="stmt"/>
          <line num="56" count="3" type="stmt"/>
        </file>
        <file name="HeadlineNavbar.jsx" path="/Users/andeladeveloper/Desktop/Andela_Fellow/Headlines_CP1/Headlines/public/component/HeadlineNavbar.jsx">
          <metrics statements="12" coveredstatements="10" conditionals="6" coveredconditionals="3" methods="4" coveredmethods="3"/>
          <line num="18" count="3" type="stmt"/>
          <line num="19" count="3" type="stmt"/>
          <line num="28" count="0" type="stmt"/>
          <line num="29" count="0" type="stmt"/>
          <line num="37" count="3" type="stmt"/>
          <line num="38" count="3" type="cond" truecount="1" falsecount="1"/>
          <line num="39" count="3" type="cond" truecount="1" falsecount="1"/>
          <line num="40" count="3" type="cond" truecount="1" falsecount="1"/>
          <line num="43" count="3" type="stmt"/>
          <line num="44" count="30" type="stmt"/>
          <line num="46" count="3" type="stmt"/>
          <line num="70" count="3" type="stmt"/>
        </file>
        <file name="SourcesComponent.js" path="/Users/andeladeveloper/Desktop/Andela_Fellow/Headlines_CP1/Headlines/public/component/SourcesComponent.js">
          <metrics statements="3" coveredstatements="3" conditionals="0" coveredconditionals="0" methods="2" coveredmethods="2"/>
          <line num="17" count="1" type="stmt"/>
          <line num="18" count="1" type="stmt"/>
          <line num="25" count="1" type="stmt"/>
        </file>
      </package>
      <package name="dispatcher">
        <metrics statements="0" coveredstatements="0" conditionals="0" coveredconditionals="0" methods="0" coveredmethods="0"/>
        <file name="HeadlineDispatcher.js" path="/Users/andeladeveloper/Desktop/Andela_Fellow/Headlines_CP1/Headlines/public/dispatcher/HeadlineDispatcher.js">
          <metrics statements="0" coveredstatements="0" conditionals="0" coveredconditionals="0" methods="0" coveredmethods="0"/>
        </file>
      </package>
      <package name="stores">
        <metrics statements="47" coveredstatements="37" conditionals="5" coveredconditionals="3" methods="9" coveredmethods="9"/>
        <file name="Article.js" path="/Users/andeladeveloper/Desktop/Andela_Fellow/Headlines_CP1/Headlines/public/stores/Article.js">
          <metrics statements="21" coveredstatements="16" conditionals="2" coveredconditionals="1" methods="4" coveredmethods="4"/>
          <line num="15" count="4" type="stmt"/>
          <line num="17" count="4" type="stmt"/>
          <line num="23" count="4" type="stmt"/>
          <line num="24" count="4" type="stmt"/>
          <line num="26" count="4" type="stmt"/>
          <line num="34" count="1" type="stmt"/>
          <line num="42" count="1" type="stmt"/>
          <line num="51" count="2" type="cond" truecount="1" falsecount="1"/>
          <line num="53" count="1" type="stmt"/>
          <line num="54" count="1" type="stmt"/>
          <line num="55" count="1" type="stmt"/>
          <line num="56" count="1" type="stmt"/>
          <line num="57" count="1" type="stmt"/>
          <line num="58" count="1" type="stmt"/>
          <line num="60" count="0" type="stmt"/>
          <line num="61" count="0" type="stmt"/>
          <line num="62" count="0" type="stmt"/>
          <line num="63" count="0" type="stmt"/>
          <line num="64" count="0" type="stmt"/>
          <line num="69" count="4" type="stmt"/>
          <line num="70" count="4" type="stmt"/>
        </file>
        <file name="Sources.js" path="/Users/andeladeveloper/Desktop/Andela_Fellow/Headlines_CP1/Headlines/public/stores/Sources.js">
          <metrics statements="26" coveredstatements="21" conditionals="3" coveredconditionals="2" methods="5" coveredmethods="5"/>
          <line num="15" count="4" type="stmt"/>
          <line num="17" count="4" type="stmt"/>
          <line num="22" count="4" type="stmt"/>
          <line num="23" count="4" type="stmt"/>
          <line num="26" count="4" type="stmt"/>
          <line num="40" count="4" type="stmt"/>
          <line num="52" count="2" type="stmt"/>
          <line num="60" count="1" type="stmt"/>
          <line num="68" count="2" type="stmt"/>
          <line num="77" count="2" type="cond" truecount="2" falsecount="1"/>
          <line num="79" count="0" type="stmt"/>
          <line num="80" count="0" type="stmt"/>
          <line num="81" count="0" type="stmt"/>
          <line num="82" count="0" type="stmt"/>
          <line num="84" count="1" type="stmt"/>
          <line num="85" count="1" type="stmt"/>
          <line num="86" count="1" type="stmt"/>
          <line num="87" count="1" type="stmt"/>
          <line num="88" count="1" type="stmt"/>
          <line num="90" count="1" type="stmt"/>
          <line num="91" count="1" type="stmt"/>
          <line num="92" count="1" type="stmt"/>
          <line num="93" count="1" type="stmt"/>
          <line num="94" count="0" type="stmt"/>
          <line num="99" count="4" type="stmt"/>
          <line num="100" count="4" type="stmt"/>
        </file>
      </package>
    </metrics>
  </project>
</coverage>
