{"/Users/andeladeveloper/Desktop/Andela_Fellow/Headlines_CP1/Headlines/public/actions/HeadlineActions.js": {"path":"/Users/andeladeveloper/Desktop/Andela_Fellow/Headlines_CP1/Headlines/public/actions/HeadlineActions.js","statementMap":{"0":{"start":{"line":10,"column":2},"end":{"line":10,"column":26}},"1":{"start":{"line":11,"column":17},"end":{"line":11,"column":57}},"2":{"start":{"line":12,"column":2},"end":{"line":20,"column":5}},"3":{"start":{"line":12,"column":33},"end":{"line":12,"column":48}},"4":{"start":{"line":14,"column":4},"end":{"line":19,"column":7}},"5":{"start":{"line":30,"column":2},"end":{"line":30,"column":26}},"6":{"start":{"line":31,"column":15},"end":{"line":31,"column":59}},"7":{"start":{"line":32,"column":2},"end":{"line":34,"column":3}},"8":{"start":{"line":33,"column":4},"end":{"line":33,"column":42}},"9":{"start":{"line":35,"column":2},"end":{"line":43,"column":5}},"10":{"start":{"line":35,"column":33},"end":{"line":35,"column":48}},"11":{"start":{"line":37,"column":4},"end":{"line":42,"column":7}},"12":{"start":{"line":53,"column":2},"end":{"line":53,"column":25}},"13":{"start":{"line":54,"column":15},"end":{"line":54,"column":57}},"14":{"start":{"line":55,"column":2},"end":{"line":59,"column":3}},"15":{"start":{"line":56,"column":4},"end":{"line":56,"column":60}},"16":{"start":{"line":58,"column":4},"end":{"line":58,"column":39}},"17":{"start":{"line":60,"column":2},"end":{"line":68,"column":5}},"18":{"start":{"line":60,"column":33},"end":{"line":60,"column":48}},"19":{"start":{"line":62,"column":4},"end":{"line":67,"column":7}},"20":{"start":{"line":79,"column":2},"end":{"line":79,"column":22}},"21":{"start":{"line":80,"column":17},"end":{"line":80,"column":81}},"22":{"start":{"line":81,"column":2},"end":{"line":90,"column":5}},"23":{"start":{"line":81,"column":33},"end":{"line":81,"column":48}},"24":{"start":{"line":83,"column":4},"end":{"line":89,"column":7}}},"fnMap":{"0":{"name":"setLanguage","decl":{"start":{"line":9,"column":16},"end":{"line":9,"column":27}},"loc":{"start":{"line":9,"column":43},"end":{"line":21,"column":1}},"line":9},"1":{"name":"(anonymous_1)","decl":{"start":{"line":12,"column":21},"end":{"line":12,"column":22}},"loc":{"start":{"line":12,"column":33},"end":{"line":12,"column":48}},"line":12},"2":{"name":"(anonymous_2)","decl":{"start":{"line":13,"column":8},"end":{"line":13,"column":9}},"loc":{"start":{"line":13,"column":16},"end":{"line":20,"column":3}},"line":13},"3":{"name":"setCategory","decl":{"start":{"line":29,"column":16},"end":{"line":29,"column":27}},"loc":{"start":{"line":29,"column":43},"end":{"line":44,"column":1}},"line":29},"4":{"name":"(anonymous_4)","decl":{"start":{"line":35,"column":21},"end":{"line":35,"column":22}},"loc":{"start":{"line":35,"column":33},"end":{"line":35,"column":48}},"line":35},"5":{"name":"(anonymous_5)","decl":{"start":{"line":36,"column":8},"end":{"line":36,"column":9}},"loc":{"start":{"line":36,"column":16},"end":{"line":43,"column":3}},"line":36},"6":{"name":"sortBy","decl":{"start":{"line":52,"column":16},"end":{"line":52,"column":22}},"loc":{"start":{"line":52,"column":39},"end":{"line":69,"column":1}},"line":52},"7":{"name":"(anonymous_7)","decl":{"start":{"line":60,"column":21},"end":{"line":60,"column":22}},"loc":{"start":{"line":60,"column":33},"end":{"line":60,"column":48}},"line":60},"8":{"name":"(anonymous_8)","decl":{"start":{"line":61,"column":8},"end":{"line":61,"column":9}},"loc":{"start":{"line":61,"column":16},"end":{"line":68,"column":3}},"line":61},"9":{"name":"getArticles","decl":{"start":{"line":78,"column":16},"end":{"line":78,"column":27}},"loc":{"start":{"line":78,"column":56},"end":{"line":91,"column":1}},"line":78},"10":{"name":"(anonymous_10)","decl":{"start":{"line":81,"column":21},"end":{"line":81,"column":22}},"loc":{"start":{"line":81,"column":33},"end":{"line":81,"column":48}},"line":81},"11":{"name":"(anonymous_11)","decl":{"start":{"line":82,"column":8},"end":{"line":82,"column":9}},"loc":{"start":{"line":82,"column":16},"end":{"line":90,"column":3}},"line":82}},"branchMap":{"0":{"loc":{"start":{"line":32,"column":2},"end":{"line":34,"column":3}},"type":"if","locations":[{"start":{"line":32,"column":2},"end":{"line":34,"column":3}},{"start":{"line":32,"column":2},"end":{"line":34,"column":3}}],"line":32},"1":{"loc":{"start":{"line":55,"column":2},"end":{"line":59,"column":3}},"type":"if","locations":[{"start":{"line":55,"column":2},"end":{"line":59,"column":3}},{"start":{"line":55,"column":2},"end":{"line":59,"column":3}}],"line":55}},"s":{"0":0,"1":0,"2":0,"3":0,"4":0,"5":0,"6":0,"7":0,"8":0,"9":0,"10":0,"11":0,"12":0,"13":0,"14":0,"15":0,"16":0,"17":0,"18":0,"19":0,"20":0,"21":0,"22":0,"23":0,"24":0},"f":{"0":0,"1":0,"2":0,"3":0,"4":0,"5":0,"6":0,"7":0,"8":0,"9":0,"10":0,"11":0},"b":{"0":[0,0],"1":[0,0]},"_coverageSchema":"332fd63041d2c1bcb487cc26dd0d5f7d97098a6c","hash":"4361cc0615fbea4b4459d2e01ea113286c3e5b3d"}
,"/Users/andeladeveloper/Desktop/Andela_Fellow/Headlines_CP1/Headlines/public/component/CategoryComponent.js": {"path":"/Users/andeladeveloper/Desktop/Andela_Fellow/Headlines_CP1/Headlines/public/component/CategoryComponent.js","statementMap":{"0":{"start":{"line":16,"column":16},"end":{"line":16,"column":41}},"1":{"start":{"line":17,"column":4},"end":{"line":17,"column":41}},"2":{"start":{"line":24,"column":4},"end":{"line":30,"column":6}}},"fnMap":{"0":{"name":"(anonymous_0)","decl":{"start":{"line":15,"column":2},"end":{"line":15,"column":3}},"loc":{"start":{"line":15,"column":24},"end":{"line":18,"column":3}},"line":15},"1":{"name":"(anonymous_1)","decl":{"start":{"line":23,"column":2},"end":{"line":23,"column":3}},"loc":{"start":{"line":23,"column":11},"end":{"line":31,"column":3}},"line":23}},"branchMap":{},"s":{"0":0,"1":0,"2":10},"f":{"0":0,"1":10},"b":{},"_coverageSchema":"332fd63041d2c1bcb487cc26dd0d5f7d97098a6c","hash":"0e546eb0c0d0f44fa5d4ee72fcd2467cfbb3c828"}
,"/Users/andeladeveloper/Desktop/Andela_Fellow/Headlines_CP1/Headlines/public/component/Footer.js": {"path":"/Users/andeladeveloper/Desktop/Andela_Fellow/Headlines_CP1/Headlines/public/component/Footer.js","statementMap":{"0":{"start":{"line":11,"column":4},"end":{"line":13,"column":6}}},"fnMap":{"0":{"name":"(anonymous_0)","decl":{"start":{"line":10,"column":2},"end":{"line":10,"column":3}},"loc":{"start":{"line":10,"column":11},"end":{"line":14,"column":3}},"line":10}},"branchMap":{},"s":{"0":3},"f":{"0":3},"b":{},"_coverageSchema":"332fd63041d2c1bcb487cc26dd0d5f7d97098a6c","hash":"7afe0682066f5eaf8362e7301bc72351ce3978a6"}
,"/Users/andeladeveloper/Desktop/Andela_Fellow/Headlines_CP1/Headlines/public/component/Header.js": {"path":"/Users/andeladeveloper/Desktop/Andela_Fellow/Headlines_CP1/Headlines/public/component/Header.js","statementMap":{"0":{"start":{"line":15,"column":4},"end":{"line":15,"column":28}},"1":{"start":{"line":22,"column":24},"end":{"line":22,"column":46}},"2":{"start":{"line":24,"column":30},"end":{"line":28,"column":5}},"3":{"start":{"line":25,"column":18},"end":{"line":25,"column":34}},"4":{"start":{"line":26,"column":6},"end":{"line":26,"column":115}},"5":{"start":{"line":30,"column":4},"end":{"line":50,"column":6}},"6":{"start":{"line":54,"column":0},"end":{"line":56,"column":2}}},"fnMap":{"0":{"name":"(anonymous_0)","decl":{"start":{"line":14,"column":2},"end":{"line":14,"column":3}},"loc":{"start":{"line":14,"column":20},"end":{"line":16,"column":3}},"line":14},"1":{"name":"(anonymous_1)","decl":{"start":{"line":21,"column":2},"end":{"line":21,"column":3}},"loc":{"start":{"line":21,"column":11},"end":{"line":51,"column":3}},"line":21},"2":{"name":"(anonymous_2)","decl":{"start":{"line":24,"column":46},"end":{"line":24,"column":47}},"loc":{"start":{"line":24,"column":64},"end":{"line":27,"column":5}},"line":24}},"branchMap":{},"s":{"0":1,"1":8,"2":8,"3":8,"4":8,"5":8,"6":1},"f":{"0":1,"1":8,"2":8},"b":{},"_coverageSchema":"332fd63041d2c1bcb487cc26dd0d5f7d97098a6c","hash":"ba401d790b3d14492e5440d190471626fd3d9e5f"}
,"/Users/andeladeveloper/Desktop/Andela_Fellow/Headlines_CP1/Headlines/public/component/HeadlineNavbar.js": {"path":"/Users/andeladeveloper/Desktop/Andela_Fellow/Headlines_CP1/Headlines/public/component/HeadlineNavbar.js","statementMap":{"0":{"start":{"line":20,"column":4},"end":{"line":20,"column":12}},"1":{"start":{"line":21,"column":4},"end":{"line":21,"column":45}},"2":{"start":{"line":30,"column":16},"end":{"line":30,"column":42}},"3":{"start":{"line":31,"column":4},"end":{"line":31,"column":37}},"4":{"start":{"line":39,"column":26},"end":{"line":39,"column":47}},"5":{"start":{"line":40,"column":22},"end":{"line":40,"column":86}},"6":{"start":{"line":41,"column":25},"end":{"line":41,"column":92}},"7":{"start":{"line":42,"column":26},"end":{"line":42,"column":94}},"8":{"start":{"line":45,"column":30},"end":{"line":46,"column":67}},"9":{"start":{"line":46,"column":6},"end":{"line":46,"column":66}},"10":{"start":{"line":48,"column":4},"end":{"line":67,"column":6}},"11":{"start":{"line":71,"column":0},"end":{"line":73,"column":2}}},"fnMap":{"0":{"name":"(anonymous_0)","decl":{"start":{"line":19,"column":2},"end":{"line":19,"column":3}},"loc":{"start":{"line":19,"column":16},"end":{"line":22,"column":3}},"line":19},"1":{"name":"(anonymous_1)","decl":{"start":{"line":29,"column":2},"end":{"line":29,"column":3}},"loc":{"start":{"line":29,"column":20},"end":{"line":32,"column":3}},"line":29},"2":{"name":"(anonymous_2)","decl":{"start":{"line":37,"column":2},"end":{"line":37,"column":3}},"loc":{"start":{"line":37,"column":11},"end":{"line":68,"column":3}},"line":37},"3":{"name":"(anonymous_3)","decl":{"start":{"line":45,"column":48},"end":{"line":45,"column":49}},"loc":{"start":{"line":46,"column":6},"end":{"line":46,"column":66}},"line":46}},"branchMap":{"0":{"loc":{"start":{"line":40,"column":22},"end":{"line":40,"column":86}},"type":"cond-expr","locations":[{"start":{"line":40,"column":58},"end":{"line":40,"column":60}},{"start":{"line":40,"column":63},"end":{"line":40,"column":86}}],"line":40},"1":{"loc":{"start":{"line":41,"column":25},"end":{"line":41,"column":92}},"type":"cond-expr","locations":[{"start":{"line":41,"column":64},"end":{"line":41,"column":66}},{"start":{"line":41,"column":69},"end":{"line":41,"column":92}}],"line":41},"2":{"loc":{"start":{"line":42,"column":26},"end":{"line":42,"column":94}},"type":"cond-expr","locations":[{"start":{"line":42,"column":66},"end":{"line":42,"column":68}},{"start":{"line":42,"column":71},"end":{"line":42,"column":94}}],"line":42}},"s":{"0":3,"1":3,"2":0,"3":0,"4":3,"5":3,"6":3,"7":3,"8":3,"9":30,"10":3,"11":1},"f":{"0":3,"1":0,"2":3,"3":30},"b":{"0":[0,3],"1":[0,3],"2":[0,3]},"_coverageSchema":"332fd63041d2c1bcb487cc26dd0d5f7d97098a6c","hash":"3a1a86b562d67b924888d2765cb9fb2f775b389e"}
,"/Users/andeladeveloper/Desktop/Andela_Fellow/Headlines_CP1/Headlines/public/dispatcher/HeadlineDispatcher.js": {"path":"/Users/andeladeveloper/Desktop/Andela_Fellow/Headlines_CP1/Headlines/public/dispatcher/HeadlineDispatcher.js","statementMap":{},"fnMap":{},"branchMap":{},"s":{},"f":{},"b":{},"_coverageSchema":"332fd63041d2c1bcb487cc26dd0d5f7d97098a6c","hash":"cbe9e5e18cb500d52e6f6e3f78a1ddd49affb10c"}
,"/Users/andeladeveloper/Desktop/Andela_Fellow/Headlines_CP1/Headlines/public/stores/Article.js": {"path":"/Users/andeladeveloper/Desktop/Andela_Fellow/Headlines_CP1/Headlines/public/stores/Article.js","statementMap":{"0":{"start":{"line":8,"column":4},"end":{"line":8,"column":12}},"1":{"start":{"line":10,"column":4},"end":{"line":15,"column":6}},"2":{"start":{"line":16,"column":4},"end":{"line":16,"column":23}},"3":{"start":{"line":17,"column":4},"end":{"line":17,"column":41}},"4":{"start":{"line":19,"column":4},"end":{"line":19,"column":22}},"5":{"start":{"line":24,"column":4},"end":{"line":24,"column":24}},"6":{"start":{"line":29,"column":4},"end":{"line":29,"column":30}},"7":{"start":{"line":33,"column":4},"end":{"line":47,"column":5}},"8":{"start":{"line":35,"column":8},"end":{"line":35,"column":48}},"9":{"start":{"line":36,"column":8},"end":{"line":36,"column":41}},"10":{"start":{"line":37,"column":8},"end":{"line":37,"column":38}},"11":{"start":{"line":38,"column":8},"end":{"line":38,"column":39}},"12":{"start":{"line":39,"column":8},"end":{"line":39,"column":35}},"13":{"start":{"line":40,"column":8},"end":{"line":40,"column":14}},"14":{"start":{"line":42,"column":8},"end":{"line":42,"column":48}},"15":{"start":{"line":43,"column":8},"end":{"line":43,"column":39}},"16":{"start":{"line":44,"column":8},"end":{"line":44,"column":38}},"17":{"start":{"line":45,"column":8},"end":{"line":45,"column":35}},"18":{"start":{"line":46,"column":8},"end":{"line":46,"column":14}},"19":{"start":{"line":51,"column":21},"end":{"line":51,"column":37}},"20":{"start":{"line":52,"column":0},"end":{"line":52,"column":66}}},"fnMap":{"0":{"name":"(anonymous_0)","decl":{"start":{"line":7,"column":2},"end":{"line":7,"column":3}},"loc":{"start":{"line":7,"column":16},"end":{"line":20,"column":3}},"line":7},"1":{"name":"(anonymous_1)","decl":{"start":{"line":23,"column":2},"end":{"line":23,"column":3}},"loc":{"start":{"line":23,"column":11},"end":{"line":25,"column":3}},"line":23},"2":{"name":"(anonymous_2)","decl":{"start":{"line":28,"column":2},"end":{"line":28,"column":3}},"loc":{"start":{"line":28,"column":21},"end":{"line":30,"column":3}},"line":28},"3":{"name":"(anonymous_3)","decl":{"start":{"line":32,"column":2},"end":{"line":32,"column":3}},"loc":{"start":{"line":32,"column":23},"end":{"line":48,"column":3}},"line":32}},"branchMap":{"0":{"loc":{"start":{"line":33,"column":4},"end":{"line":47,"column":5}},"type":"switch","locations":[{"start":{"line":34,"column":6},"end":{"line":40,"column":14}},{"start":{"line":41,"column":6},"end":{"line":46,"column":14}}],"line":33}},"s":{"0":1,"1":1,"2":1,"3":1,"4":1,"5":0,"6":0,"7":0,"8":0,"9":0,"10":0,"11":0,"12":0,"13":0,"14":0,"15":0,"16":0,"17":0,"18":0,"19":1,"20":1},"f":{"0":1,"1":0,"2":0,"3":0},"b":{"0":[0,0]},"_coverageSchema":"332fd63041d2c1bcb487cc26dd0d5f7d97098a6c","hash":"fab9591a4fe7e931279906e6b349d40e488db2f2"}
,"/Users/andeladeveloper/Desktop/Andela_Fellow/Headlines_CP1/Headlines/public/stores/Sources.js": {"path":"/Users/andeladeveloper/Desktop/Andela_Fellow/Headlines_CP1/Headlines/public/stores/Sources.js","statementMap":{"0":{"start":{"line":7,"column":4},"end":{"line":7,"column":12}},"1":{"start":{"line":9,"column":4},"end":{"line":13,"column":6}},"2":{"start":{"line":14,"column":4},"end":{"line":14,"column":23}},"3":{"start":{"line":15,"column":4},"end":{"line":15,"column":22}},"4":{"start":{"line":16,"column":4},"end":{"line":27,"column":6}},"5":{"start":{"line":29,"column":4},"end":{"line":33,"column":6}},"6":{"start":{"line":37,"column":4},"end":{"line":37,"column":24}},"7":{"start":{"line":40,"column":4},"end":{"line":40,"column":29}},"8":{"start":{"line":43,"column":4},"end":{"line":43,"column":30}},"9":{"start":{"line":46,"column":4},"end":{"line":64,"column":5}},"10":{"start":{"line":48,"column":8},"end":{"line":48,"column":38}},"11":{"start":{"line":49,"column":8},"end":{"line":49,"column":38}},"12":{"start":{"line":50,"column":8},"end":{"line":50,"column":34}},"13":{"start":{"line":51,"column":8},"end":{"line":51,"column":14}},"14":{"start":{"line":53,"column":8},"end":{"line":53,"column":49}},"15":{"start":{"line":54,"column":8},"end":{"line":54,"column":38}},"16":{"start":{"line":55,"column":8},"end":{"line":55,"column":38}},"17":{"start":{"line":56,"column":8},"end":{"line":56,"column":34}},"18":{"start":{"line":57,"column":8},"end":{"line":57,"column":14}},"19":{"start":{"line":59,"column":8},"end":{"line":59,"column":49}},"20":{"start":{"line":60,"column":8},"end":{"line":60,"column":38}},"21":{"start":{"line":61,"column":8},"end":{"line":61,"column":38}},"22":{"start":{"line":62,"column":8},"end":{"line":62,"column":34}},"23":{"start":{"line":63,"column":8},"end":{"line":63,"column":14}},"24":{"start":{"line":68,"column":21},"end":{"line":68,"column":37}},"25":{"start":{"line":69,"column":0},"end":{"line":69,"column":66}}},"fnMap":{"0":{"name":"(anonymous_0)","decl":{"start":{"line":6,"column":2},"end":{"line":6,"column":3}},"loc":{"start":{"line":6,"column":16},"end":{"line":34,"column":3}},"line":6},"1":{"name":"(anonymous_1)","decl":{"start":{"line":36,"column":2},"end":{"line":36,"column":3}},"loc":{"start":{"line":36,"column":11},"end":{"line":38,"column":3}},"line":36},"2":{"name":"(anonymous_2)","decl":{"start":{"line":39,"column":2},"end":{"line":39,"column":3}},"loc":{"start":{"line":39,"column":10},"end":{"line":41,"column":3}},"line":39},"3":{"name":"(anonymous_3)","decl":{"start":{"line":42,"column":2},"end":{"line":42,"column":3}},"loc":{"start":{"line":42,"column":19},"end":{"line":44,"column":3}},"line":42},"4":{"name":"(anonymous_4)","decl":{"start":{"line":45,"column":2},"end":{"line":45,"column":3}},"loc":{"start":{"line":45,"column":23},"end":{"line":65,"column":3}},"line":45}},"branchMap":{"0":{"loc":{"start":{"line":46,"column":4},"end":{"line":64,"column":5}},"type":"switch","locations":[{"start":{"line":47,"column":6},"end":{"line":51,"column":14}},{"start":{"line":52,"column":6},"end":{"line":57,"column":14}},{"start":{"line":58,"column":6},"end":{"line":63,"column":14}}],"line":46}},"s":{"0":1,"1":1,"2":1,"3":1,"4":1,"5":1,"6":0,"7":0,"8":0,"9":0,"10":0,"11":0,"12":0,"13":0,"14":0,"15":0,"16":0,"17":0,"18":0,"19":0,"20":0,"21":0,"22":0,"23":0,"24":1,"25":1},"f":{"0":1,"1":0,"2":0,"3":0,"4":0},"b":{"0":[0,0,0]},"_coverageSchema":"332fd63041d2c1bcb487cc26dd0d5f7d97098a6c","hash":"7713574ce96aaa9c655b882a0b4cd05f7431ad2f"}
}
