{"/Users/andeladeveloper/Desktop/Andela_Fellow/Headlines_CP1/Headlines/public/component/Header.js": {"path":"/Users/andeladeveloper/Desktop/Andela_Fellow/Headlines_CP1/Headlines/public/component/Header.js","statementMap":{"0":{"start":{"line":15,"column":4},"end":{"line":15,"column":28}},"1":{"start":{"line":22,"column":4},"end":{"line":44,"column":6}},"2":{"start":{"line":48,"column":0},"end":{"line":50,"column":2}}},"fnMap":{"0":{"name":"(anonymous_0)","decl":{"start":{"line":14,"column":2},"end":{"line":14,"column":3}},"loc":{"start":{"line":14,"column":20},"end":{"line":16,"column":3}},"line":14},"1":{"name":"(anonymous_1)","decl":{"start":{"line":21,"column":2},"end":{"line":21,"column":3}},"loc":{"start":{"line":21,"column":11},"end":{"line":45,"column":3}},"line":21}},"branchMap":{},"s":{"0":0,"1":7,"2":1},"f":{"0":0,"1":7},"b":{},"_coverageSchema":"332fd63041d2c1bcb487cc26dd0d5f7d97098a6c","hash":"44b702ebcaedff45f981778812557089b6657aa8"}
}
