TN:
SF:/Users/andeladeveloper/Desktop/Andela_Fellow/Headlines_CP1/Headlines/public/apiFolder/NewsApi.js
FN:11,(anonymous_0)
FN:13,(anonymous_1)
FNF:2
FNH:0
FNDA:0,(anonymous_0)
FNDA:0,(anonymous_1)
DA:12,0
DA:13,0
LF:2
LH:0
BRF:0
BRH:0
end_of_record
TN:
SF:/Users/andeladeveloper/Desktop/Andela_Fellow/Headlines_CP1/Headlines/public/component/ArticleComponent.js
FN:12,(anonymous_0)
FN:33,(anonymous_1)
FNF:2
FNH:2
FNDA:1,(anonymous_0)
FNDA:1,(anonymous_1)
DA:13,1
DA:17,1
DA:18,1
DA:19,1
DA:20,1
DA:22,1
DA:23,1
DA:24,1
DA:26,1
DA:27,1
DA:34,1
DA:35,1
DA:54,3
DA:63,3
LF:14
LH:14
BRF:0
BRH:0
end_of_record
TN:
SF:/Users/andeladeveloper/Desktop/Andela_Fellow/Headlines_CP1/Headlines/public/component/CategoryComponent.js
FN:16,(anonymous_0)
FN:24,(anonymous_1)
FNF:2
FNH:2
FNDA:1,(anonymous_0)
FNDA:4,(anonymous_1)
DA:17,1
DA:18,1
DA:25,4
DA:35,4
DA:39,4
LF:5
LH:5
BRF:0
BRH:0
end_of_record
TN:
SF:/Users/andeladeveloper/Desktop/Andela_Fellow/Headlines_CP1/Headlines/public/component/Footer.js
FN:10,(anonymous_0)
FNF:1
FNH:1
FNDA:2,(anonymous_0)
DA:11,2
LF:1
LH:1
BRF:0
BRH:0
end_of_record
TN:
SF:/Users/andeladeveloper/Desktop/Andela_Fellow/Headlines_CP1/Headlines/public/component/Header.jsx
FN:14,(anonymous_0)
FN:21,(anonymous_1)
FN:24,(anonymous_2)
FNF:3
FNH:3
FNDA:1,(anonymous_0)
FNDA:9,(anonymous_1)
FNDA:18,(anonymous_2)
DA:15,1
DA:22,9
DA:24,9
DA:25,18
DA:26,18
DA:31,9
DA:56,3
LF:7
LH:7
BRF:0
BRH:0
end_of_record
TN:
SF:/Users/andeladeveloper/Desktop/Andela_Fellow/Headlines_CP1/Headlines/public/component/SourcesComponent.js
FN:16,(anonymous_0)
FN:24,(anonymous_1)
FNF:2
FNH:2
FNDA:1,(anonymous_0)
FNDA:1,(anonymous_1)
DA:17,1
DA:18,1
DA:25,1
LF:3
LH:3
BRF:0
BRH:0
end_of_record
TN:
SF:/Users/andeladeveloper/Desktop/Andela_Fellow/Headlines_CP1/Headlines/public/dispatcher/HeadlineDispatcher.js
FNF:0
FNH:0
LF:0
LH:0
BRF:0
BRH:0
end_of_record
TN:
SF:/Users/andeladeveloper/Desktop/Andela_Fellow/Headlines_CP1/Headlines/public/stores/Article.js
FN:14,(anonymous_0)
FN:33,(anonymous_1)
FN:41,(anonymous_2)
FN:50,(anonymous_3)
FNF:4
FNH:4
FNDA:4,(anonymous_0)
FNDA:1,(anonymous_1)
FNDA:1,(anonymous_2)
FNDA:2,(anonymous_3)
DA:15,4
DA:17,4
DA:23,4
DA:24,4
DA:26,4
DA:34,1
DA:42,1
DA:51,2
DA:53,1
DA:54,1
DA:55,1
DA:56,1
DA:57,1
DA:58,1
DA:60,0
DA:61,0
DA:62,0
DA:63,0
DA:64,0
DA:69,4
DA:70,4
LF:21
LH:16
BRDA:51,0,0,1
BRDA:51,0,1,0
BRF:2
BRH:1
end_of_record
TN:
SF:/Users/andeladeveloper/Desktop/Andela_Fellow/Headlines_CP1/Headlines/public/stores/Sources.js
FN:14,(anonymous_0)
FN:51,(anonymous_1)
FN:59,(anonymous_2)
FN:67,(anonymous_3)
FN:76,(anonymous_4)
FNF:5
FNH:5
FNDA:4,(anonymous_0)
FNDA:2,(anonymous_1)
FNDA:1,(anonymous_2)
FNDA:2,(anonymous_3)
FNDA:2,(anonymous_4)
DA:15,4
DA:17,4
DA:22,4
DA:23,4
DA:26,4
DA:40,4
DA:52,2
DA:60,1
DA:68,2
DA:77,2
DA:79,0
DA:80,0
DA:81,0
DA:82,0
DA:84,1
DA:85,1
DA:86,1
DA:87,1
DA:88,1
DA:90,1
DA:91,1
DA:92,1
DA:93,1
DA:94,0
DA:99,4
DA:100,4
LF:26
LH:21
BRDA:77,0,0,0
BRDA:77,0,1,1
BRDA:77,0,2,1
BRF:3
BRH:2
end_of_record
TN:
SF:/Users/andeladeveloper/Desktop/Andela_Fellow/Headlines_CP1/Headlines/src/Pages/Dashboard.jsx
FN:28,(anonymous_0)
FN:54,(anonymous_1)
FN:63,(anonymous_2)
FN:73,(anonymous_3)
FN:81,(anonymous_4)
FN:93,(anonymous_5)
FN:104,(anonymous_6)
FN:113,(anonymous_7)
FN:124,(anonymous_8)
FN:131,(anonymous_9)
FN:135,(anonymous_10)
FN:139,(anonymous_11)
FNF:12
FNH:6
FNDA:1,(anonymous_0)
FNDA:1,(anonymous_1)
FNDA:0,(anonymous_2)
FNDA:0,(anonymous_3)
FNDA:1,(anonymous_4)
FNDA:0,(anonymous_5)
FNDA:1,(anonymous_6)
FNDA:0,(anonymous_7)
FNDA:0,(anonymous_8)
FNDA:3,(anonymous_9)
FNDA:2,(anonymous_10)
FNDA:0,(anonymous_11)
DA:29,1
DA:30,1
DA:33,1
DA:34,1
DA:35,1
DA:36,1
DA:37,1
DA:40,1
DA:55,1
DA:56,1
DA:64,0
DA:65,0
DA:74,0
DA:82,1
DA:85,0
DA:94,0
DA:105,1
DA:114,0
DA:115,0
DA:125,0
DA:132,3
DA:135,3
DA:136,2
DA:139,3
DA:140,0
DA:141,0
DA:142,0
DA:147,2
DA:149,2
DA:175,2
LF:30
LH:19
BRDA:141,0,0,0
BRDA:141,0,1,0
BRF:2
BRH:0
end_of_record
TN:
SF:/Users/andeladeveloper/Desktop/Andela_Fellow/Headlines_CP1/Headlines/src/Pages/Layout.jsx
FN:38,(anonymous_0)
FN:47,(anonymous_1)
FN:48,(anonymous_2)
FN:57,(anonymous_3)
FN:58,(anonymous_4)
FN:61,(anonymous_5)
FN:71,(anonymous_6)
FN:73,(anonymous_7)
FN:74,(anonymous_8)
FN:83,(anonymous_9)
FN:90,(anonymous_10)
FN:93,(anonymous_11)
FN:96,(anonymous_12)
FN:99,(anonymous_13)
FNF:14
FNH:2
FNDA:4,(anonymous_0)
FNDA:0,(anonymous_1)
FNDA:0,(anonymous_2)
FNDA:0,(anonymous_3)
FNDA:0,(anonymous_4)
FNDA:0,(anonymous_5)
FNDA:0,(anonymous_6)
FNDA:0,(anonymous_7)
FNDA:0,(anonymous_8)
FNDA:5,(anonymous_9)
FNDA:0,(anonymous_10)
FNDA:0,(anonymous_11)
FNDA:0,(anonymous_12)
FNDA:0,(anonymous_13)
DA:20,1
DA:39,4
DA:40,4
DA:48,0
DA:49,0
DA:58,0
DA:60,0
DA:63,0
DA:72,0
DA:73,0
DA:75,0
DA:84,5
DA:85,5
DA:90,0
DA:93,0
DA:96,0
DA:99,0
LF:17
LH:5
BRDA:86,0,0,4
BRDA:86,0,1,1
BRDA:90,1,0,0
BRDA:90,1,1,0
BRDA:93,2,0,0
BRDA:93,2,1,0
BRDA:96,3,0,0
BRDA:96,3,1,0
BRF:8
BRH:2
end_of_record
TN:
SF:/Users/andeladeveloper/Desktop/Andela_Fellow/Headlines_CP1/Headlines/src/Pages/Login.jsx
FN:16,(anonymous_0)
FN:24,(anonymous_1)
FNF:2
FNH:2
FNDA:1,(anonymous_0)
FNDA:3,(anonymous_1)
DA:17,1
DA:25,3
DA:67,2
LF:3
LH:3
BRF:0
BRH:0
end_of_record
TN:
SF:/Users/andeladeveloper/Desktop/Andela_Fellow/Headlines_CP1/Headlines/src/Pages/Page404.jsx
FN:16,(anonymous_0)
FNF:1
FNH:1
FNDA:2,(anonymous_0)
DA:17,2
LF:1
LH:1
BRF:0
BRH:0
end_of_record
TN:
SF:/Users/andeladeveloper/Desktop/Andela_Fellow/Headlines_CP1/Headlines/src/actions/HeadlineActions.js
FN:10,(anonymous_0)
FN:16,(anonymous_1)
FN:32,(anonymous_2)
FN:41,(anonymous_3)
FN:57,(anonymous_4)
FN:68,(anonymous_5)
FN:85,(anonymous_6)
FN:91,(anonymous_7)
FNF:8
FNH:6
FNDA:1,(anonymous_0)
FNDA:1,(anonymous_1)
FNDA:1,(anonymous_2)
FNDA:1,(anonymous_3)
FNDA:0,(anonymous_4)
FNDA:0,(anonymous_5)
FNDA:1,(anonymous_6)
FNDA:1,(anonymous_7)
DA:10,5
DA:12,1
DA:13,1
DA:15,1
DA:17,1
DA:32,5
DA:34,1
DA:35,1
DA:36,1
DA:37,1
DA:40,1
DA:42,1
DA:57,5
DA:59,0
DA:60,0
DA:61,0
DA:62,0
DA:64,0
DA:67,0
DA:69,0
DA:85,5
DA:87,1
DA:88,1
DA:90,1
DA:92,1
DA:102,5
LF:26
LH:19
BRDA:36,0,0,1
BRDA:36,0,1,0
BRDA:61,1,0,0
BRDA:61,1,1,0
BRF:4
BRH:1
end_of_record
TN:
SF:/Users/andeladeveloper/Desktop/Andela_Fellow/Headlines_CP1/Headlines/src/component/HeadlineNavbar.jsx
FN:17,(anonymous_0)
FN:27,(anonymous_1)
FN:35,(anonymous_2)
FN:43,(anonymous_3)
FNF:4
FNH:3
FNDA:3,(anonymous_0)
FNDA:0,(anonymous_1)
FNDA:3,(anonymous_2)
FNDA:30,(anonymous_3)
DA:18,3
DA:19,3
DA:28,0
DA:29,0
DA:37,3
DA:38,3
DA:39,3
DA:40,3
DA:43,3
DA:44,30
DA:46,3
DA:70,3
LF:12
LH:10
BRDA:38,0,0,0
BRDA:38,0,1,3
BRDA:39,1,0,0
BRDA:39,1,1,3
BRDA:40,2,0,0
BRDA:40,2,1,3
BRF:6
BRH:3
end_of_record
